<?xml version="1.0" encoding="UTF-8"?>
<testsuite name="JUnit Jupiter" tests="2" skipped="0" failures="0" errors="0" time="0.092" hostname="DESKTOP-14N7FDI" timestamp="2020-08-24T01:29:38">
<properties>
[...]
</properties>
<testcase name="getsDateWithoutDashes()" classname="hpdp.DateTest$DateTests" time="0.052">
<system-out><![CDATA[
unique-id: [engine:junit-jupiter]/[class:hpdp.DateTest]/[nested-class:DateTests]/[method:getsDateWithoutDashes()]
display-name: Gets date String without dashes
]]></system-out>
</testcase>
<testcase name="buildsDateFromString()" classname="hpdp.DateTest$DateTests" time="0.007">
<system-out><![CDATA[
unique-id: [engine:junit-jupiter]/[class:hpdp.DateTest]/[nested-class:DateTests]/[method:buildsDateFromString()]
display-name: Builds a date from a String
]]></system-out>
</testcase>
<system-out><![CDATA[
unique-id: [engine:junit-jupiter]
display-name: JUnit Jupiter
]]></system-out>
</testsuite>
